============================= test session starts ==============================
platform linux -- Python 3.12.3, pytest-8.4.2, pluggy-1.6.0 -- /home/munaim/srv/apps/accrediops/backend/.venv/bin/python
cachedir: .pytest_cache
django: version: 5.2.12, settings: config.accrediops_backend.settings (from ini)
rootdir: /home/munaim/srv/apps/accrediops/backend
configfile: pytest.ini
testpaths: apps
plugins: cov-5.0.0, django-4.12.0
collecting ... collected 124 items

apps/api/tests/test_admin_readiness_inspection_exports.py::AdminReadinessInspectionExportsTest::test_admin_endpoints_require_admin_or_lead PASSED [  0%]
apps/api/tests/test_admin_readiness_inspection_exports.py::AdminReadinessInspectionExportsTest::test_admin_framework_create_and_list PASSED [  1%]
apps/api/tests/test_admin_readiness_inspection_exports.py::AdminReadinessInspectionExportsTest::test_audit_filters_by_user_and_event_type PASSED [  2%]
apps/api/tests/test_admin_readiness_inspection_exports.py::AdminReadinessInspectionExportsTest::test_export_generate_and_history PASSED [  3%]
apps/api/tests/test_admin_readiness_inspection_exports.py::AdminReadinessInspectionExportsTest::test_framework_analysis_endpoint PASSED [  4%]
apps/api/tests/test_admin_readiness_inspection_exports.py::AdminReadinessInspectionExportsTest::test_framework_import_validation_and_logs PASSED [  4%]
apps/api/tests/test_admin_readiness_inspection_exports.py::AdminReadinessInspectionExportsTest::test_inspection_view_returns_only_met_indicators PASSED [  5%]
apps/api/tests/test_admin_readiness_inspection_exports.py::AdminReadinessInspectionExportsTest::test_pre_inspection_check_reports_blockers PASSED [  6%]
apps/api/tests/test_admin_readiness_inspection_exports.py::AdminReadinessInspectionExportsTest::test_readiness_endpoint_returns_scores_and_risk_rows PASSED [  7%]
apps/api/tests/test_admin_readiness_inspection_exports.py::AdminReadinessInspectionExportsTest::test_worklist_accepts_show_all_page_size_without_server_error PASSED [  8%]
apps/api/tests/test_admin_readiness_inspection_exports.py::AdminReadinessInspectionExportsTest::test_worklist_row_contains_risk_payload PASSED [  8%]
apps/api/tests/test_admin_registry.py::AdminRegistryTest::test_contract_models_are_registered PASSED [  9%]
apps/api/tests/test_ai_generation_gemini.py::AIGenerationGeminiTests::test_accept_output_is_advisory_only PASSED [ 10%]
apps/api/tests/test_ai_generation_gemini.py::AIGenerationGeminiTests::test_ai_generation_different_output_types PASSED [ 11%]
apps/api/tests/test_ai_generation_gemini.py::AIGenerationGeminiTests::test_ai_generation_with_mocked_gemini PASSED [ 12%]
apps/api/tests/test_ai_generation_gemini.py::AIGenerationGeminiTests::test_ai_output_is_advisory_only PASSED [ 12%]
apps/api/tests/test_ai_generation_gemini.py::AIGenerationGeminiTests::test_demo_mode_ignores_api_key PASSED [ 13%]
apps/api/tests/test_ai_generation_gemini.py::AIGenerationGeminiTests::test_gemini_api_failure_returns_safe_error PASSED [ 14%]
apps/api/tests/test_ai_generation_gemini.py::AIGenerationGeminiTests::test_gemini_settings_read_from_django_config PASSED [ 15%]
apps/api/tests/test_ai_generation_gemini.py::AIGenerationGeminiTests::test_indicator_context_is_included_in_generation PASSED [ 16%]
apps/api/tests/test_ai_generation_gemini.py::AIGenerationGeminiTests::test_missing_api_key_returns_clear_error PASSED [ 16%]
apps/api/tests/test_ai_generation_gemini.py::AIGenerationGeminiTests::test_missing_provider_returns_clear_error PASSED [ 17%]
apps/api/tests/test_ai_generation_gemini.py::AIGenerationGeminiTests::test_permission_denied_for_unauthorized_user PASSED [ 18%]
apps/api/tests/test_ai_generation_gemini.py::AIGenerationGeminiTests::test_user_instruction_is_stored_in_context PASSED [ 19%]
apps/api/tests/test_ai_generation_gemini.py::AIGenerationDirectServiceTests::test_gemini_failure_in_service PASSED [ 20%]
apps/api/tests/test_ai_generation_gemini.py::AIGenerationDirectServiceTests::test_mocked_gemini_service_integration PASSED [ 20%]
apps/api/tests/test_auth_api.py::AuthApiTest::test_login_and_logout_cycle_updates_session_state PASSED [ 21%]
apps/api/tests/test_auth_api.py::AuthApiTest::test_login_rejects_invalid_credentials PASSED [ 22%]
apps/api/tests/test_auth_api.py::AuthApiTest::test_session_endpoint_returns_unauthenticated_and_sets_cookie PASSED [ 23%]
apps/api/tests/test_benchmark_bulk_update.py::BenchmarkBulkUpdate::test_benchmark PASSED [ 24%]
apps/api/tests/test_clone_project.py::CloneProjectTest::test_clone_project_creates_fresh_project_indicators_without_evidence PASSED [ 25%]
apps/api/tests/test_document_drafting.py::DocumentDraftingAndPromotionTest::test_cannot_promote_already_promoted_draft PASSED [ 25%]
apps/api/tests/test_document_drafting.py::DocumentDraftingAndPromotionTest::test_generate_framework_draft PASSED [ 26%]
apps/api/tests/test_document_drafting.py::DocumentDraftingAndPromotionTest::test_generate_project_specific_draft PASSED [ 27%]
apps/api/tests/test_document_drafting.py::DocumentDraftingAndPromotionTest::test_promote_draft_to_evidence PASSED [ 28%]
apps/api/tests/test_document_drafting.py::DocumentDraftingAndPromotionTest::test_update_draft_status_to_reviewed PASSED [ 29%]
apps/api/tests/test_evidence_and_ai.py::EvidenceAndAITest::test_ai_generation_applies_client_variable_replacement PASSED [ 29%]
apps/api/tests/test_evidence_and_ai.py::EvidenceAndAITest::test_evidence_review_and_ai_generation_do_not_auto_mutate_status PASSED [ 30%]
apps/api/tests/test_evidence_and_ai.py::EvidenceAndAITest::test_multiple_evidence_items_are_allowed_for_one_project_indicator PASSED [ 31%]
apps/api/tests/test_frameworks_api.py::FrameworksApiTest::test_admin_framework_create_requires_admin_or_lead PASSED [ 32%]
apps/api/tests/test_frameworks_api.py::FrameworksApiTest::test_admin_framework_import_from_csv_creates_hierarchy PASSED [ 33%]
apps/api/tests/test_frameworks_api.py::FrameworksApiTest::test_admin_framework_import_returns_conflict_for_framework_in_use PASSED [ 33%]
apps/api/tests/test_frameworks_api.py::FrameworksApiTest::test_admin_framework_import_returns_not_found_for_invalid_framework PASSED [ 34%]
apps/api/tests/test_frameworks_api.py::FrameworksApiTest::test_admin_framework_validate_accepts_csv_input PASSED [ 35%]
apps/api/tests/test_frameworks_api.py::FrameworksApiTest::test_framework_export_endpoint_returns_framework_rows PASSED [ 36%]
apps/api/tests/test_frameworks_api.py::FrameworksApiTest::test_framework_list_returns_framework_rows PASSED [ 37%]
apps/api/tests/test_frameworks_api.py::FrameworksApiTest::test_framework_template_endpoint_returns_csv_and_columns PASSED [ 37%]
apps/api/tests/test_frameworks_api.py::FrameworksApiTest::test_framework_validate_and_import_handle_missing_headers_without_500 PASSED [ 38%]
apps/api/tests/test_governance_hardening.py::GovernanceHardeningTest::test_admin_and_lead_entry_permissions_reject_unauthorized_roles PASSED [ 39%]
apps/api/tests/test_governance_hardening.py::GovernanceHardeningTest::test_export_lifecycle_history_and_permissions PASSED [ 40%]
apps/api/tests/test_governance_hardening.py::GovernanceHardeningTest::test_indicator_detail_capabilities_reflect_assignment_aware_permissions PASSED [ 41%]
apps/api/tests/test_governance_hardening.py::GovernanceHardeningTest::test_override_reopen_requires_admin_and_is_audited PASSED [ 41%]
apps/api/tests/test_governance_hardening.py::GovernanceHardeningTest::test_permission_matrix_for_sensitive_actions PASSED [ 42%]
apps/api/tests/test_indicator_classification.py::IndicatorClassificationTests::test_bulk_approve_sets_human_reviewed PASSED [ 43%]
apps/api/tests/test_indicator_classification.py::IndicatorClassificationTests::test_classification_does_not_mutate_project_indicator_status_or_create_evidence PASSED [ 44%]
apps/api/tests/test_indicator_classification.py::IndicatorClassificationTests::test_classification_fields_validate_allowed_choices PASSED [ 45%]
apps/api/tests/test_indicator_classification.py::IndicatorClassificationTests::test_dashboard_worklist_classification_filter PASSED [ 45%]
apps/api/tests/test_indicator_classification.py::IndicatorClassificationTests::test_filtering_by_classification_fields_uses_saved_values PASSED [ 46%]
apps/api/tests/test_indicator_classification.py::IndicatorClassificationTests::test_force_overwrite_requires_explicit_flag_and_admin PASSED [ 47%]
apps/api/tests/test_indicator_classification.py::IndicatorClassificationTests::test_invalid_gemini_json_safely_defaults_to_manual_review PASSED [ 48%]
apps/api/tests/test_indicator_classification.py::IndicatorClassificationTests::test_low_confidence_becomes_needs_review PASSED [ 49%]
apps/api/tests/test_indicator_classification.py::IndicatorClassificationTests::test_manual_update_endpoint_sets_manual_or_reviewed_metadata PASSED [ 50%]
apps/api/tests/test_indicator_classification.py::IndicatorClassificationTests::test_manually_changed_indicators_protected_by_default PASSED [ 50%]
apps/api/tests/test_indicator_classification.py::IndicatorClassificationTests::test_new_indicators_default_to_unclassified PASSED [ 51%]
apps/api/tests/test_indicator_classification.py::IndicatorClassificationTests::test_non_admin_non_lead_cannot_run_classification PASSED [ 52%]
apps/api/tests/test_indicator_classification.py::IndicatorClassificationTests::test_run_ai_classification_saves_results PASSED [ 53%]
apps/api/tests/test_indicator_classification.py::IndicatorClassificationTests::test_unclassified_only_does_not_overwrite_reviewed_indicators PASSED [ 54%]
apps/api/tests/test_mark_met_and_progress.py::MarkMetAndProgressTest::test_mark_met_requires_approved_evidence PASSED [ 54%]
apps/api/tests/test_mark_met_and_progress.py::MarkMetAndProgressTest::test_standard_and_area_progress_aggregate_from_project_indicators PASSED [ 55%]
apps/api/tests/test_physical_evidence.py::PhysicalEvidenceTest::test_create_evidence_with_physical_tracking_fields PASSED [ 56%]
apps/api/tests/test_print_pack.py::PrintPackTest::test_print_pack_returns_structured_sections_with_evidence PASSED [ 57%]
apps/api/tests/test_project_create_and_initialize.py::ProjectCreateAndInitializeTest::test_admin_can_create_and_initialize_project_from_framework PASSED [ 58%]
apps/api/tests/test_project_create_and_initialize.py::ProjectCreateAndInitializeTest::test_owner_cannot_create_project PASSED [ 58%]
apps/api/tests/test_project_delete_and_client_profiles.py::ProjectDeleteAndClientProfilesTest::test_admin_can_delete_project PASSED [ 59%]
apps/api/tests/test_project_delete_and_client_profiles.py::ProjectDeleteAndClientProfilesTest::test_client_profile_can_store_linked_users PASSED [ 60%]
apps/api/tests/test_project_delete_and_client_profiles.py::ProjectDeleteAndClientProfilesTest::test_owner_cannot_delete_project PASSED [ 61%]
apps/api/tests/test_project_initialization.py::ProjectInitializationTest::test_initialize_project_from_framework_creates_project_indicators_and_recurring_requirement PASSED [ 62%]
apps/api/tests/test_recurring_queue.py::RecurringQueueTest::test_recurring_generation_and_due_overdue_queue PASSED [ 62%]
apps/api/tests/test_recurring_queue.py::RecurringQueueTest::test_recurring_queue_capabilities PASSED [ 63%]
apps/api/tests/test_recurring_queue.py::RecurringQueueTest::test_recurring_submit_and_approve_flow_updates_instance_status PASSED [ 64%]
apps/api/tests/test_variable_replacement.py::VariableReplacementTest::test_client_profile_variable_preview_replaces_known_placeholders PASSED [ 65%]
apps/exports/tests/test_services.py::ExportEligibilityReportTests::test_eligibility_happy_path PASSED [ 66%]
apps/exports/tests/test_services.py::ExportEligibilityReportTests::test_eligibility_with_high_risk_indicators PASSED [ 66%]
apps/exports/tests/test_services.py::ExportEligibilityReportTests::test_eligibility_with_low_recurring_compliance PASSED [ 67%]
apps/exports/tests/test_services.py::ExportEligibilityReportTests::test_eligibility_with_multiple_reasons PASSED [ 68%]
apps/exports/tests/test_services.py::ExportEligibilityReportTests::test_eligibility_with_pending_indicators PASSED [ 69%]
apps/exports/tests/test_services.py::ExportEligibilityReportTests::test_eligibility_with_validation_warnings PASSED [ 70%]
apps/frameworks/tests/test_services.py::TestFrameworkExportPayload::test_framework_export_payload_empty_framework PASSED [ 70%]
apps/frameworks/tests/test_services.py::TestFrameworkExportPayload::test_framework_export_payload_sorting PASSED [ 71%]
apps/frameworks/tests/test_services.py::TestFrameworkExportPayload::test_framework_export_payload_success PASSED [ 72%]
apps/indicators/tests/test_services.py::IndicatorsServiceLayerTest::test_add_project_indicator_comment_permission_denied PASSED [ 73%]
apps/indicators/tests/test_services.py::IndicatorsServiceLayerTest::test_add_project_indicator_comment_success PASSED [ 74%]
apps/indicators/tests/test_services.py::IndicatorsServiceLayerTest::test_approved_evidence_ready PASSED [ 75%]
apps/indicators/tests/test_services.py::IndicatorsServiceLayerTest::test_assign_project_indicator_invalid_role PASSED [ 75%]
apps/indicators/tests/test_services.py::IndicatorsServiceLayerTest::test_assign_project_indicator_success PASSED [ 76%]
apps/indicators/tests/test_services.py::IndicatorsServiceLayerTest::test_mark_project_indicator_met_not_ready PASSED [ 77%]
apps/indicators/tests/test_services.py::IndicatorsServiceLayerTest::test_mark_project_indicator_met_permission_denied PASSED [ 78%]
apps/indicators/tests/test_services.py::IndicatorsServiceLayerTest::test_mark_project_indicator_met_success PASSED [ 79%]
apps/indicators/tests/test_services.py::IndicatorsServiceLayerTest::test_no_evidence_not_ready PASSED [ 79%]
apps/indicators/tests/test_services.py::IndicatorsServiceLayerTest::test_overdue_recurring_not_ready PASSED [ 80%]
apps/indicators/tests/test_services.py::IndicatorsServiceLayerTest::test_progress_aggregates PASSED [ 81%]
apps/indicators/tests/test_services.py::IndicatorsServiceLayerTest::test_rejected_evidence_not_ready PASSED [ 82%]
apps/indicators/tests/test_services.py::IndicatorsServiceLayerTest::test_reopen_project_indicator_permission_denied PASSED [ 83%]
apps/indicators/tests/test_services.py::IndicatorsServiceLayerTest::test_reopen_project_indicator_success PASSED [ 83%]
apps/indicators/tests/test_services.py::IndicatorsServiceLayerTest::test_reopen_requires_reason PASSED [ 84%]
apps/indicators/tests/test_services.py::IndicatorsServiceLayerTest::test_send_for_review_no_work_fails PASSED [ 85%]
apps/indicators/tests/test_services.py::IndicatorsServiceLayerTest::test_send_for_review_permission_denied PASSED [ 86%]
apps/indicators/tests/test_services.py::IndicatorsServiceLayerTest::test_send_for_review_success_with_notes PASSED [ 87%]
apps/indicators/tests/test_services.py::IndicatorsServiceLayerTest::test_start_project_indicator_permission_denied PASSED [ 87%]
apps/indicators/tests/test_services.py::IndicatorsServiceLayerTest::test_start_project_indicator_success PASSED [ 88%]
apps/indicators/tests/test_services.py::IndicatorsServiceLayerTest::test_unapproved_evidence_not_ready PASSED [ 89%]
apps/indicators/tests/test_services.py::IndicatorsServiceLayerTest::test_update_working_state_permission PASSED [ 90%]
apps/indicators/tests/test_services.py::IndicatorsServiceLayerTest::test_validate_readiness_conditions PASSED [ 91%]
apps/projects/tests/test_services.py::ProjectSummaryCountsTest::test_project_summary_counts_combined PASSED [ 91%]
apps/projects/tests/test_services.py::ProjectSummaryCountsTest::test_project_summary_counts_initial_state PASSED [ 92%]
apps/projects/tests/test_services.py::ProjectSummaryCountsTest::test_project_summary_counts_overdue_recurring_items PASSED [ 93%]
apps/projects/tests/test_services.py::ProjectSummaryCountsTest::test_project_summary_counts_recurring_due_today PASSED [ 94%]
apps/projects/tests/test_services.py::ProjectSummaryCountsTest::test_project_summary_counts_with_met_indicators PASSED [ 95%]
apps/projects/tests/test_services.py::DeleteProjectServiceTests::test_delete_project_permission_denied PASSED [ 95%]
apps/projects/tests/test_services.py::DeleteProjectServiceTests::test_delete_project_success_admin PASSED [ 96%]
apps/projects/tests/test_services.py::DeleteProjectServiceTests::test_delete_project_success_lead PASSED [ 97%]
apps/recurring/tests/test_services.py::EnsureRecurringRequirementTests::test_ensure_recurring_requirement_creates_new PASSED [ 98%]
apps/recurring/tests/test_services.py::EnsureRecurringRequirementTests::test_ensure_recurring_requirement_raises_error_for_non_recurring PASSED [ 99%]
apps/recurring/tests/test_services.py::EnsureRecurringRequirementTests::test_ensure_recurring_requirement_returns_existing PASSED [100%]

======================= 124 passed in 1300.46s (0:21:40) =======================
