============================= test session starts ==============================
platform linux -- Python 3.12.3, pytest-8.4.2, pluggy-1.6.0
django: version: 5.2.12, settings: config.accrediops_backend.settings (from ini)
rootdir: /home/munaim/srv/apps/accrediops/backend
configfile: pytest.ini
testpaths: apps
plugins: cov-5.0.0, django-4.12.0
collected 124 items

apps/api/tests/test_admin_readiness_inspection_exports.py ...........    [  8%]
apps/api/tests/test_admin_registry.py .                                  [  9%]
apps/api/tests/test_ai_generation_gemini.py ..............               [ 20%]
apps/api/tests/test_auth_api.py .